<?xml version="1.0" encoding="UTF-8"?>
<coverage generated="1657833649317" clover="3.2.0">
  <project timestamp="1657833649317" name="All files">
    <metrics statements="92" coveredstatements="91" conditionals="58" coveredconditionals="53" methods="9" coveredmethods="9" elements="159" coveredelements="153" complexity="0" loc="92" ncloc="92" packages="1" files="1" classes="1"/>
    <file name="RoverTask.js" path="C:\Users\Administrator\Desktop\Penta_B Task\RoverTask.js">
      <metrics statements="92" coveredstatements="91" conditionals="58" coveredconditionals="53" methods="9" coveredmethods="9"/>
      <line num="1" count="1" type="stmt"/>
      <line num="4" count="1" type="stmt"/>
      <line num="10" count="1" type="stmt"/>
      <line num="17" count="1" type="stmt"/>
      <line num="22" count="1" type="stmt"/>
      <line num="29" count="1" type="stmt"/>
      <line num="32" count="1" type="stmt"/>
      <line num="34" count="1" type="stmt"/>
      <line num="42" count="9" type="stmt"/>
      <line num="43" count="9" type="stmt"/>
      <line num="44" count="27" type="cond" truecount="4" falsecount="0"/>
      <line num="45" count="1" type="stmt"/>
      <line num="49" count="9" type="cond" truecount="2" falsecount="0"/>
      <line num="50" count="8" type="stmt"/>
      <line num="51" count="8" type="stmt"/>
      <line num="52" count="8" type="stmt"/>
      <line num="53" count="8" type="stmt"/>
      <line num="54" count="8" type="stmt"/>
      <line num="58" count="1" type="stmt"/>
      <line num="59" count="1" type="stmt"/>
      <line num="60" count="1" type="stmt"/>
      <line num="61" count="1" type="stmt"/>
      <line num="62" count="1" type="stmt"/>
      <line num="69" count="7" type="stmt"/>
      <line num="71" count="49" type="cond" truecount="4" falsecount="0"/>
      <line num="72" count="19" type="stmt"/>
      <line num="74" count="19" type="cond" truecount="2" falsecount="0"/>
      <line num="77" count="17" type="cond" truecount="2" falsecount="0"/>
      <line num="80" count="41" type="stmt"/>
      <line num="81" count="19" type="stmt"/>
      <line num="85" count="30" type="cond" truecount="2" falsecount="0"/>
      <line num="86" count="29" type="stmt"/>
      <line num="87" count="29" type="stmt"/>
      <line num="91" count="1" type="stmt"/>
      <line num="92" count="1" type="stmt"/>
      <line num="96" count="6" type="stmt"/>
      <line num="97" count="6" type="stmt"/>
      <line num="102" count="30" type="stmt"/>
      <line num="103" count="30" type="stmt"/>
      <line num="104" count="30" type="stmt"/>
      <line num="105" count="90" type="cond" truecount="4" falsecount="0"/>
      <line num="106" count="1" type="stmt"/>
      <line num="108" count="29" type="stmt"/>
      <line num="115" count="2" type="stmt"/>
      <line num="116" count="2" type="stmt"/>
      <line num="117" count="2" type="stmt"/>
      <line num="119" count="2" type="stmt"/>
      <line num="120" count="2" type="stmt"/>
      <line num="122" count="2" type="stmt"/>
      <line num="123" count="460" type="stmt"/>
      <line num="124" count="460" type="stmt"/>
      <line num="125" count="460" type="stmt"/>
      <line num="126" count="460" type="stmt"/>
      <line num="129" count="460" type="cond" truecount="4" falsecount="0"/>
      <line num="130" count="2" type="stmt"/>
      <line num="133" count="1370" type="cond" truecount="4" falsecount="0"/>
      <line num="134" count="4" type="stmt"/>
      <line num="137" count="454" type="stmt"/>
      <line num="138" count="1816" type="stmt"/>
      <line num="139" count="1816" type="stmt"/>
      <line num="140" count="377344" type="cond" truecount="4" falsecount="0"/>
      <line num="142" count="535" type="stmt"/>
      <line num="143" count="535" type="stmt"/>
      <line num="147" count="0" type="stmt"/>
      <line num="152" count="2" type="stmt"/>
      <line num="153" count="2" type="stmt"/>
      <line num="155" count="2" type="stmt"/>
      <line num="156" count="2" type="stmt"/>
      <line num="157" count="2" type="stmt"/>
      <line num="158" count="2" type="stmt"/>
      <line num="160" count="2" type="stmt"/>
      <line num="161" count="21" type="cond" truecount="2" falsecount="0"/>
      <line num="162" count="2324" type="cond" truecount="2" falsecount="0"/>
      <line num="163" count="19" type="stmt"/>
      <line num="164" count="19" type="stmt"/>
      <line num="167" count="2" type="stmt"/>
      <line num="168" count="19" type="cond" truecount="4" falsecount="0"/>
      <line num="169" count="5" type="stmt"/>
      <line num="171" count="14" type="cond" truecount="4" falsecount="0"/>
      <line num="172" count="2" type="cond" truecount="1" falsecount="1"/>
      <line num="173" count="2" type="cond" truecount="1" falsecount="1"/>
      <line num="174" count="2" type="stmt"/>
      <line num="175" count="2" type="stmt"/>
      <line num="177" count="12" type="cond" truecount="2" falsecount="0"/>
      <line num="178" count="10" type="stmt"/>
      <line num="180" count="2" type="cond" truecount="3" falsecount="1"/>
      <line num="181" count="2" type="cond" truecount="1" falsecount="1"/>
      <line num="182" count="2" type="cond" truecount="1" falsecount="1"/>
      <line num="183" count="2" type="stmt"/>
      <line num="184" count="2" type="stmt"/>
      <line num="187" count="2" type="stmt"/>
      <line num="193" count="1" type="stmt"/>
    </file>
  </project>
</coverage>
