{"C:\\Users\\Administrator\\Desktop\\Penta_B Task\\RoverTask.js": {"path":"C:\\Users\\Administrator\\Desktop\\Penta_B Task\\RoverTask.js","statementMap":{"0":{"start":{"line":1,"column":16},"end":{"line":1,"column":50}},"1":{"start":{"line":4,"column":16},"end":{"line":7,"column":1}},"2":{"start":{"line":10,"column":25},"end":{"line":15,"column":1}},"3":{"start":{"line":17,"column":15},"end":{"line":20,"column":1}},"4":{"start":{"line":22,"column":19},"end":{"line":27,"column":1}},"5":{"start":{"line":29,"column":9},"end":{"line":29,"column":11}},"6":{"start":{"line":32,"column":18},"end":{"line":32,"column":42}},"7":{"start":{"line":34,"column":14},"end":{"line":191,"column":1}},"8":{"start":{"line":42,"column":24},"end":{"line":42,"column":28}},"9":{"start":{"line":43,"column":8},"end":{"line":47,"column":9}},"10":{"start":{"line":44,"column":12},"end":{"line":45,"column":34}},"11":{"start":{"line":45,"column":16},"end":{"line":45,"column":34}},"12":{"start":{"line":49,"column":8},"end":{"line":63,"column":9}},"13":{"start":{"line":50,"column":12},"end":{"line":50,"column":24}},"14":{"start":{"line":51,"column":12},"end":{"line":51,"column":24}},"15":{"start":{"line":52,"column":12},"end":{"line":52,"column":40}},"16":{"start":{"line":53,"column":12},"end":{"line":53,"column":58}},"17":{"start":{"line":54,"column":12},"end":{"line":54,"column":61}},"18":{"start":{"line":58,"column":12},"end":{"line":58,"column":24}},"19":{"start":{"line":59,"column":12},"end":{"line":59,"column":24}},"20":{"start":{"line":60,"column":12},"end":{"line":60,"column":37}},"21":{"start":{"line":61,"column":12},"end":{"line":61,"column":64}},"22":{"start":{"line":62,"column":12},"end":{"line":62,"column":114}},"23":{"start":{"line":69,"column":8},"end":{"line":94,"column":9}},"24":{"start":{"line":71,"column":12},"end":{"line":82,"column":13}},"25":{"start":{"line":72,"column":16},"end":{"line":72,"column":56}},"26":{"start":{"line":74,"column":16},"end":{"line":77,"column":80}},"27":{"start":{"line":74,"column":47},"end":{"line":74,"column":73}},"28":{"start":{"line":77,"column":21},"end":{"line":77,"column":80}},"29":{"start":{"line":77,"column":54},"end":{"line":77,"column":80}},"30":{"start":{"line":80,"column":16},"end":{"line":80,"column":113}},"31":{"start":{"line":80,"column":70},"end":{"line":80,"column":111}},"32":{"start":{"line":81,"column":16},"end":{"line":81,"column":25}},"33":{"start":{"line":85,"column":12},"end":{"line":93,"column":13}},"34":{"start":{"line":86,"column":16},"end":{"line":86,"column":66}},"35":{"start":{"line":87,"column":16},"end":{"line":87,"column":66}},"36":{"start":{"line":91,"column":16},"end":{"line":91,"column":83}},"37":{"start":{"line":92,"column":16},"end":{"line":92,"column":77}},"38":{"start":{"line":96,"column":8},"end":{"line":96,"column":67}},"39":{"start":{"line":97,"column":8},"end":{"line":97,"column":61}},"40":{"start":{"line":102,"column":8},"end":{"line":102,"column":52}},"41":{"start":{"line":103,"column":8},"end":{"line":103,"column":52}},"42":{"start":{"line":104,"column":8},"end":{"line":107,"column":9}},"43":{"start":{"line":105,"column":12},"end":{"line":106,"column":28}},"44":{"start":{"line":106,"column":16},"end":{"line":106,"column":28}},"45":{"start":{"line":108,"column":8},"end":{"line":108,"column":20}},"46":{"start":{"line":115,"column":26},"end":{"line":115,"column":53}},"47":{"start":{"line":116,"column":20},"end":{"line":116,"column":22}},"48":{"start":{"line":117,"column":8},"end":{"line":117,"column":41}},"49":{"start":{"line":119,"column":24},"end":{"line":119,"column":26}},"50":{"start":{"line":120,"column":8},"end":{"line":120,"column":40}},"51":{"start":{"line":122,"column":8},"end":{"line":146,"column":9}},"52":{"start":{"line":123,"column":34},"end":{"line":123,"column":42}},"53":{"start":{"line":124,"column":12},"end":{"line":124,"column":38}},"54":{"start":{"line":125,"column":12},"end":{"line":125,"column":26}},"55":{"start":{"line":126,"column":22},"end":{"line":126,"column":40}},"56":{"start":{"line":126,"column":52},"end":{"line":126,"column":70}},"57":{"start":{"line":129,"column":12},"end":{"line":131,"column":13}},"58":{"start":{"line":130,"column":16},"end":{"line":130,"column":40}},"59":{"start":{"line":133,"column":12},"end":{"line":135,"column":13}},"60":{"start":{"line":133,"column":40},"end":{"line":133,"column":76}},"61":{"start":{"line":134,"column":16},"end":{"line":134,"column":25}},"62":{"start":{"line":137,"column":12},"end":{"line":145,"column":13}},"63":{"start":{"line":138,"column":25},"end":{"line":138,"column":41}},"64":{"start":{"line":139,"column":25},"end":{"line":139,"column":41}},"65":{"start":{"line":140,"column":16},"end":{"line":144,"column":17}},"66":{"start":{"line":140,"column":42},"end":{"line":140,"column":76}},"67":{"start":{"line":142,"column":20},"end":{"line":142,"column":50}},"68":{"start":{"line":143,"column":20},"end":{"line":143,"column":42}},"69":{"start":{"line":147,"column":8},"end":{"line":147,"column":18}},"70":{"start":{"line":152,"column":20},"end":{"line":152,"column":39}},"71":{"start":{"line":153,"column":21},"end":{"line":153,"column":28}},"72":{"start":{"line":155,"column":20},"end":{"line":155,"column":22}},"73":{"start":{"line":156,"column":21},"end":{"line":156,"column":25}},"74":{"start":{"line":157,"column":21},"end":{"line":157,"column":26}},"75":{"start":{"line":158,"column":18},"end":{"line":158,"column":33}},"76":{"start":{"line":160,"column":8},"end":{"line":165,"column":9}},"77":{"start":{"line":161,"column":11},"end":{"line":161,"column":39}},"78":{"start":{"line":161,"column":33},"end":{"line":161,"column":39}},"79":{"start":{"line":162,"column":25},"end":{"line":162,"column":96}},"80":{"start":{"line":162,"column":43},"end":{"line":162,"column":95}},"81":{"start":{"line":163,"column":11},"end":{"line":163,"column":47}},"82":{"start":{"line":164,"column":11},"end":{"line":164,"column":31}},"83":{"start":{"line":167,"column":8},"end":{"line":186,"column":9}},"84":{"start":{"line":167,"column":20},"end":{"line":167,"column":34}},"85":{"start":{"line":168,"column":12},"end":{"line":185,"column":13}},"86":{"start":{"line":169,"column":16},"end":{"line":169,"column":48}},"87":{"start":{"line":171,"column":17},"end":{"line":185,"column":13}},"88":{"start":{"line":172,"column":16},"end":{"line":172,"column":123}},"89":{"start":{"line":173,"column":16},"end":{"line":173,"column":77}},"90":{"start":{"line":174,"column":16},"end":{"line":174,"column":30}},"91":{"start":{"line":175,"column":16},"end":{"line":175,"column":32}},"92":{"start":{"line":177,"column":17},"end":{"line":185,"column":13}},"93":{"start":{"line":178,"column":16},"end":{"line":178,"column":48}},"94":{"start":{"line":180,"column":17},"end":{"line":185,"column":13}},"95":{"start":{"line":181,"column":16},"end":{"line":181,"column":124}},"96":{"start":{"line":182,"column":16},"end":{"line":182,"column":74}},"97":{"start":{"line":183,"column":16},"end":{"line":183,"column":32}},"98":{"start":{"line":184,"column":16},"end":{"line":184,"column":31}},"99":{"start":{"line":187,"column":8},"end":{"line":187,"column":21}},"100":{"start":{"line":193,"column":0},"end":{"line":193,"column":23}}},"fnMap":{"0":{"name":"(anonymous_0)","decl":{"start":{"line":40,"column":4},"end":{"line":40,"column":5}},"loc":{"start":{"line":40,"column":33},"end":{"line":65,"column":5}},"line":40},"1":{"name":"(anonymous_1)","decl":{"start":{"line":68,"column":4},"end":{"line":68,"column":5}},"loc":{"start":{"line":68,"column":19},"end":{"line":98,"column":5}},"line":68},"2":{"name":"(anonymous_2)","decl":{"start":{"line":80,"column":63},"end":{"line":80,"column":64}},"loc":{"start":{"line":80,"column":70},"end":{"line":80,"column":111}},"line":80},"3":{"name":"(anonymous_3)","decl":{"start":{"line":101,"column":4},"end":{"line":101,"column":5}},"loc":{"start":{"line":101,"column":34},"end":{"line":109,"column":5}},"line":101},"4":{"name":"(anonymous_4)","decl":{"start":{"line":113,"column":4},"end":{"line":113,"column":5}},"loc":{"start":{"line":113,"column":24},"end":{"line":148,"column":5}},"line":113},"5":{"name":"(anonymous_5)","decl":{"start":{"line":133,"column":30},"end":{"line":133,"column":31}},"loc":{"start":{"line":133,"column":40},"end":{"line":133,"column":76}},"line":133},"6":{"name":"(anonymous_6)","decl":{"start":{"line":140,"column":33},"end":{"line":140,"column":34}},"loc":{"start":{"line":140,"column":42},"end":{"line":140,"column":76}},"line":140},"7":{"name":"(anonymous_7)","decl":{"start":{"line":151,"column":4},"end":{"line":151,"column":5}},"loc":{"start":{"line":151,"column":20},"end":{"line":188,"column":5}},"line":151},"8":{"name":"(anonymous_8)","decl":{"start":{"line":162,"column":34},"end":{"line":162,"column":35}},"loc":{"start":{"line":162,"column":43},"end":{"line":162,"column":95}},"line":162}},"branchMap":{"0":{"loc":{"start":{"line":44,"column":12},"end":{"line":45,"column":34}},"type":"if","locations":[{"start":{"line":44,"column":12},"end":{"line":45,"column":34}},{"start":{},"end":{}}],"line":44},"1":{"loc":{"start":{"line":44,"column":16},"end":{"line":44,"column":54}},"type":"binary-expr","locations":[{"start":{"line":44,"column":16},"end":{"line":44,"column":33}},{"start":{"line":44,"column":37},"end":{"line":44,"column":54}}],"line":44},"2":{"loc":{"start":{"line":49,"column":8},"end":{"line":63,"column":9}},"type":"if","locations":[{"start":{"line":49,"column":8},"end":{"line":63,"column":9}},{"start":{"line":57,"column":13},"end":{"line":63,"column":9}}],"line":49},"3":{"loc":{"start":{"line":71,"column":12},"end":{"line":82,"column":13}},"type":"if","locations":[{"start":{"line":71,"column":12},"end":{"line":82,"column":13}},{"start":{},"end":{}}],"line":71},"4":{"loc":{"start":{"line":71,"column":16},"end":{"line":71,"column":50}},"type":"binary-expr","locations":[{"start":{"line":71,"column":16},"end":{"line":71,"column":31}},{"start":{"line":71,"column":35},"end":{"line":71,"column":50}}],"line":71},"5":{"loc":{"start":{"line":74,"column":16},"end":{"line":77,"column":80}},"type":"if","locations":[{"start":{"line":74,"column":16},"end":{"line":77,"column":80}},{"start":{"line":77,"column":21},"end":{"line":77,"column":80}}],"line":74},"6":{"loc":{"start":{"line":77,"column":21},"end":{"line":77,"column":80}},"type":"if","locations":[{"start":{"line":77,"column":21},"end":{"line":77,"column":80}},{"start":{},"end":{}}],"line":77},"7":{"loc":{"start":{"line":85,"column":12},"end":{"line":93,"column":13}},"type":"if","locations":[{"start":{"line":85,"column":12},"end":{"line":93,"column":13}},{"start":{"line":90,"column":17},"end":{"line":93,"column":13}}],"line":85},"8":{"loc":{"start":{"line":105,"column":12},"end":{"line":106,"column":28}},"type":"if","locations":[{"start":{"line":105,"column":12},"end":{"line":106,"column":28}},{"start":{},"end":{}}],"line":105},"9":{"loc":{"start":{"line":105,"column":16},"end":{"line":105,"column":54}},"type":"binary-expr","locations":[{"start":{"line":105,"column":16},"end":{"line":105,"column":33}},{"start":{"line":105,"column":37},"end":{"line":105,"column":54}}],"line":105},"10":{"loc":{"start":{"line":129,"column":12},"end":{"line":131,"column":13}},"type":"if","locations":[{"start":{"line":129,"column":12},"end":{"line":131,"column":13}},{"start":{},"end":{}}],"line":129},"11":{"loc":{"start":{"line":129,"column":15},"end":{"line":129,"column":42}},"type":"binary-expr","locations":[{"start":{"line":129,"column":15},"end":{"line":129,"column":27}},{"start":{"line":129,"column":31},"end":{"line":129,"column":42}}],"line":129},"12":{"loc":{"start":{"line":133,"column":12},"end":{"line":135,"column":13}},"type":"if","locations":[{"start":{"line":133,"column":12},"end":{"line":135,"column":13}},{"start":{},"end":{}}],"line":133},"13":{"loc":{"start":{"line":133,"column":40},"end":{"line":133,"column":76}},"type":"binary-expr","locations":[{"start":{"line":133,"column":40},"end":{"line":133,"column":56}},{"start":{"line":133,"column":60},"end":{"line":133,"column":76}}],"line":133},"14":{"loc":{"start":{"line":140,"column":16},"end":{"line":144,"column":17}},"type":"if","locations":[{"start":{"line":140,"column":16},"end":{"line":144,"column":17}},{"start":{},"end":{}}],"line":140},"15":{"loc":{"start":{"line":140,"column":42},"end":{"line":140,"column":76}},"type":"binary-expr","locations":[{"start":{"line":140,"column":42},"end":{"line":140,"column":57}},{"start":{"line":140,"column":61},"end":{"line":140,"column":76}}],"line":140},"16":{"loc":{"start":{"line":161,"column":11},"end":{"line":161,"column":39}},"type":"if","locations":[{"start":{"line":161,"column":11},"end":{"line":161,"column":39}},{"start":{},"end":{}}],"line":161},"17":{"loc":{"start":{"line":162,"column":43},"end":{"line":162,"column":95}},"type":"binary-expr","locations":[{"start":{"line":162,"column":43},"end":{"line":162,"column":67}},{"start":{"line":162,"column":71},"end":{"line":162,"column":95}}],"line":162},"18":{"loc":{"start":{"line":168,"column":12},"end":{"line":185,"column":13}},"type":"if","locations":[{"start":{"line":168,"column":12},"end":{"line":185,"column":13}},{"start":{"line":171,"column":17},"end":{"line":185,"column":13}}],"line":168},"19":{"loc":{"start":{"line":168,"column":15},"end":{"line":168,"column":65}},"type":"binary-expr","locations":[{"start":{"line":168,"column":15},"end":{"line":168,"column":46}},{"start":{"line":168,"column":50},"end":{"line":168,"column":65}}],"line":168},"20":{"loc":{"start":{"line":171,"column":17},"end":{"line":185,"column":13}},"type":"if","locations":[{"start":{"line":171,"column":17},"end":{"line":185,"column":13}},{"start":{"line":177,"column":17},"end":{"line":185,"column":13}}],"line":171},"21":{"loc":{"start":{"line":171,"column":20},"end":{"line":171,"column":67}},"type":"binary-expr","locations":[{"start":{"line":171,"column":20},"end":{"line":171,"column":49}},{"start":{"line":171,"column":53},"end":{"line":171,"column":67}}],"line":171},"22":{"loc":{"start":{"line":172,"column":24},"end":{"line":172,"column":122}},"type":"cond-expr","locations":[{"start":{"line":172,"column":60},"end":{"line":172,"column":89}},{"start":{"line":172,"column":92},"end":{"line":172,"column":122}}],"line":172},"23":{"loc":{"start":{"line":173,"column":22},"end":{"line":173,"column":75}},"type":"cond-expr","locations":[{"start":{"line":173,"column":58},"end":{"line":173,"column":65}},{"start":{"line":173,"column":68},"end":{"line":173,"column":75}}],"line":173},"24":{"loc":{"start":{"line":177,"column":17},"end":{"line":185,"column":13}},"type":"if","locations":[{"start":{"line":177,"column":17},"end":{"line":185,"column":13}},{"start":{"line":180,"column":17},"end":{"line":185,"column":13}}],"line":177},"25":{"loc":{"start":{"line":180,"column":17},"end":{"line":185,"column":13}},"type":"if","locations":[{"start":{"line":180,"column":17},"end":{"line":185,"column":13}},{"start":{},"end":{}}],"line":180},"26":{"loc":{"start":{"line":180,"column":20},"end":{"line":180,"column":74}},"type":"binary-expr","locations":[{"start":{"line":180,"column":20},"end":{"line":180,"column":53}},{"start":{"line":180,"column":58},"end":{"line":180,"column":74}}],"line":180},"27":{"loc":{"start":{"line":181,"column":25},"end":{"line":181,"column":123}},"type":"cond-expr","locations":[{"start":{"line":181,"column":61},"end":{"line":181,"column":90}},{"start":{"line":181,"column":93},"end":{"line":181,"column":123}}],"line":181},"28":{"loc":{"start":{"line":182,"column":22},"end":{"line":182,"column":73}},"type":"cond-expr","locations":[{"start":{"line":182,"column":58},"end":{"line":182,"column":64}},{"start":{"line":182,"column":67},"end":{"line":182,"column":73}}],"line":182}},"s":{"0":1,"1":1,"2":1,"3":1,"4":1,"5":1,"6":1,"7":1,"8":9,"9":9,"10":27,"11":1,"12":9,"13":8,"14":8,"15":8,"16":8,"17":8,"18":1,"19":1,"20":1,"21":1,"22":1,"23":7,"24":49,"25":19,"26":19,"27":2,"28":17,"29":2,"30":19,"31":41,"32":19,"33":30,"34":29,"35":29,"36":1,"37":1,"38":6,"39":6,"40":30,"41":30,"42":30,"43":90,"44":1,"45":29,"46":2,"47":2,"48":2,"49":2,"50":2,"51":2,"52":460,"53":460,"54":460,"55":460,"56":460,"57":460,"58":2,"59":458,"60":1370,"61":4,"62":454,"63":1816,"64":1816,"65":1816,"66":377344,"67":535,"68":535,"69":0,"70":2,"71":2,"72":2,"73":2,"74":2,"75":2,"76":2,"77":21,"78":2,"79":19,"80":2324,"81":19,"82":19,"83":2,"84":2,"85":19,"86":5,"87":14,"88":2,"89":2,"90":2,"91":2,"92":12,"93":10,"94":2,"95":2,"96":2,"97":2,"98":2,"99":2,"100":1},"f":{"0":9,"1":7,"2":41,"3":30,"4":2,"5":1370,"6":377344,"7":2,"8":2324},"b":{"0":[1,26],"1":[27,1],"2":[8,1],"3":[19,30],"4":[49,39],"5":[2,17],"6":[2,15],"7":[29,1],"8":[1,89],"9":[90,7],"10":[2,458],"11":[460,24],"12":[4,454],"13":[1370,75],"14":[535,1281],"15":[377344,17905],"16":[2,19],"17":[2324,220],"18":[5,14],"19":[19,7],"20":[2,12],"21":[14,12],"22":[2,0],"23":[2,0],"24":[10,2],"25":[2,0],"26":[2,2],"27":[2,0],"28":[2,0]},"_coverageSchema":"1a1c01bbd47fc00a2c39e90264f33305004495a9","hash":"b04186f5c61ed9a41420c01a51d7eb9d2a51e742"}
}
