TN:
SF:RoverTask.js
FN:40,(anonymous_0)
FN:68,(anonymous_1)
FN:80,(anonymous_2)
FN:101,(anonymous_3)
FN:113,(anonymous_4)
FN:133,(anonymous_5)
FN:140,(anonymous_6)
FN:151,(anonymous_7)
FN:162,(anonymous_8)
FNF:9
FNH:9
FNDA:9,(anonymous_0)
FNDA:7,(anonymous_1)
FNDA:41,(anonymous_2)
FNDA:30,(anonymous_3)
FNDA:2,(anonymous_4)
FNDA:1370,(anonymous_5)
FNDA:377344,(anonymous_6)
FNDA:2,(anonymous_7)
FNDA:2324,(anonymous_8)
DA:1,1
DA:4,1
DA:10,1
DA:17,1
DA:22,1
DA:29,1
DA:32,1
DA:34,1
DA:42,9
DA:43,9
DA:44,27
DA:45,1
DA:49,9
DA:50,8
DA:51,8
DA:52,8
DA:53,8
DA:54,8
DA:58,1
DA:59,1
DA:60,1
DA:61,1
DA:62,1
DA:69,7
DA:71,49
DA:72,19
DA:74,19
DA:77,17
DA:80,41
DA:81,19
DA:85,30
DA:86,29
DA:87,29
DA:91,1
DA:92,1
DA:96,6
DA:97,6
DA:102,30
DA:103,30
DA:104,30
DA:105,90
DA:106,1
DA:108,29
DA:115,2
DA:116,2
DA:117,2
DA:119,2
DA:120,2
DA:122,2
DA:123,460
DA:124,460
DA:125,460
DA:126,460
DA:129,460
DA:130,2
DA:133,1370
DA:134,4
DA:137,454
DA:138,1816
DA:139,1816
DA:140,377344
DA:142,535
DA:143,535
DA:147,0
DA:152,2
DA:153,2
DA:155,2
DA:156,2
DA:157,2
DA:158,2
DA:160,2
DA:161,21
DA:162,2324
DA:163,19
DA:164,19
DA:167,2
DA:168,19
DA:169,5
DA:171,14
DA:172,2
DA:173,2
DA:174,2
DA:175,2
DA:177,12
DA:178,10
DA:180,2
DA:181,2
DA:182,2
DA:183,2
DA:184,2
DA:187,2
DA:193,1
LF:92
LH:91
BRDA:44,0,0,1
BRDA:44,0,1,26
BRDA:44,1,0,27
BRDA:44,1,1,1
BRDA:49,2,0,8
BRDA:49,2,1,1
BRDA:71,3,0,19
BRDA:71,3,1,30
BRDA:71,4,0,49
BRDA:71,4,1,39
BRDA:74,5,0,2
BRDA:74,5,1,17
BRDA:77,6,0,2
BRDA:77,6,1,15
BRDA:85,7,0,29
BRDA:85,7,1,1
BRDA:105,8,0,1
BRDA:105,8,1,89
BRDA:105,9,0,90
BRDA:105,9,1,7
BRDA:129,10,0,2
BRDA:129,10,1,458
BRDA:129,11,0,460
BRDA:129,11,1,24
BRDA:133,12,0,4
BRDA:133,12,1,454
BRDA:133,13,0,1370
BRDA:133,13,1,75
BRDA:140,14,0,535
BRDA:140,14,1,1281
BRDA:140,15,0,377344
BRDA:140,15,1,17905
BRDA:161,16,0,2
BRDA:161,16,1,19
BRDA:162,17,0,2324
BRDA:162,17,1,220
BRDA:168,18,0,5
BRDA:168,18,1,14
BRDA:168,19,0,19
BRDA:168,19,1,7
BRDA:171,20,0,2
BRDA:171,20,1,12
BRDA:171,21,0,14
BRDA:171,21,1,12
BRDA:172,22,0,2
BRDA:172,22,1,0
BRDA:173,23,0,2
BRDA:173,23,1,0
BRDA:177,24,0,10
BRDA:177,24,1,2
BRDA:180,25,0,2
BRDA:180,25,1,0
BRDA:180,26,0,2
BRDA:180,26,1,2
BRDA:181,27,0,2
BRDA:181,27,1,0
BRDA:182,28,0,2
BRDA:182,28,1,0
BRF:58
BRH:53
end_of_record
